
> robu-valuation-terminal@0.1.0 dev
> next dev

  ▲ Next.js 14.2.35
  - Local:        http://localhost:3000

 ✓ Starting...
 ✓ Ready in 1431ms
 ○ Compiling / ...
 ✓ Compiled / in 4.8s (4533 modules)
 ⚠ Unsupported metadata viewport is configured in metadata export in /. Please move it to viewport export instead.
Read more: https://nextjs.org/docs/app/api-reference/functions/generate-viewport
 ⚠ Unsupported metadata themeColor is configured in metadata export in /. Please move it to viewport export instead.
Read more: https://nextjs.org/docs/app/api-reference/functions/generate-viewport
 GET / 200 in 5184ms
 ✓ Compiled in 442ms (2275 modules)
 ✓ Compiled /api/financials-v2/[symbol] in 404ms (2288 modules)
 ✓ Compiled (2290 modules)
 GET /api/financials-v2/RELIANCE 200 in 1076ms
 GET /api/company-v2/RELIANCE 200 in 1466ms
 ✓ Compiled /api/ohlc/[symbol] in 148ms (2293 modules)
 ✓ Compiled (2297 modules)
 POST /api/ai-analysis 503 in 304ms
 POST /api/ai-analysis 503 in 312ms
 GET /api/historical/RELIANCE 404 in 1069ms
 GET /api/historical/RELIANCE 404 in 1087ms
 GET /api/ohlc/RELIANCE?period=2y 200 in 3585ms
